{"D:\\Users\\Heather\\Documents\\Kylee\\path-finding-visualizer\\path-finding-visualizer\\src\\App.tsx": {"path":"D:\\Users\\Heather\\Documents\\Kylee\\path-finding-visualizer\\path-finding-visualizer\\src\\App.tsx","all":false,"statementMap":{"0":{"start":{"line":1,"column":0},"end":{"line":1,"column":33}},"1":{"start":{"line":2,"column":0},"end":{"line":2,"column":43}},"2":{"start":{"line":3,"column":0},"end":{"line":3,"column":33}},"3":{"start":{"line":4,"column":0},"end":{"line":4,"column":19}},"4":{"start":{"line":5,"column":0},"end":{"line":5,"column":0}},"5":{"start":{"line":6,"column":0},"end":{"line":6,"column":16}},"6":{"start":{"line":7,"column":0},"end":{"line":7,"column":40}},"7":{"start":{"line":8,"column":0},"end":{"line":8,"column":0}},"8":{"start":{"line":9,"column":0},"end":{"line":9,"column":10}},"9":{"start":{"line":10,"column":0},"end":{"line":10,"column":6}},"10":{"start":{"line":11,"column":0},"end":{"line":11,"column":11}},"11":{"start":{"line":12,"column":0},"end":{"line":12,"column":53}},"12":{"start":{"line":13,"column":0},"end":{"line":13,"column":65}},"13":{"start":{"line":14,"column":0},"end":{"line":14,"column":12}},"14":{"start":{"line":15,"column":0},"end":{"line":15,"column":52}},"15":{"start":{"line":16,"column":0},"end":{"line":16,"column":73}},"16":{"start":{"line":17,"column":0},"end":{"line":17,"column":12}},"17":{"start":{"line":18,"column":0},"end":{"line":18,"column":12}},"18":{"start":{"line":19,"column":0},"end":{"line":19,"column":27}},"19":{"start":{"line":20,"column":0},"end":{"line":20,"column":28}},"20":{"start":{"line":21,"column":0},"end":{"line":21,"column":88}},"21":{"start":{"line":22,"column":0},"end":{"line":22,"column":11}},"22":{"start":{"line":23,"column":0},"end":{"line":23,"column":60}},"23":{"start":{"line":24,"column":0},"end":{"line":24,"column":12}},"24":{"start":{"line":25,"column":0},"end":{"line":25,"column":12}},"25":{"start":{"line":26,"column":0},"end":{"line":26,"column":86}},"26":{"start":{"line":27,"column":0},"end":{"line":27,"column":7}},"27":{"start":{"line":28,"column":0},"end":{"line":28,"column":4}},"28":{"start":{"line":29,"column":0},"end":{"line":29,"column":1}},"29":{"start":{"line":30,"column":0},"end":{"line":30,"column":0}},"30":{"start":{"line":31,"column":0},"end":{"line":31,"column":19}}},"s":{"0":1,"1":1,"2":1,"3":1,"4":1,"5":6,"6":6,"7":6,"8":6,"9":6,"10":6,"11":6,"12":6,"13":6,"14":6,"15":6,"16":6,"17":6,"18":6,"19":6,"20":6,"21":6,"22":6,"23":6,"24":6,"25":6,"26":6,"27":6,"28":6,"29":1,"30":1},"branchMap":{"0":{"type":"branch","line":6,"loc":{"start":{"line":6,"column":0},"end":{"line":29,"column":1}},"locations":[{"start":{"line":6,"column":0},"end":{"line":29,"column":1}}]},"1":{"type":"branch","line":21,"loc":{"start":{"line":21,"column":25},"end":{"line":21,"column":63}},"locations":[{"start":{"line":21,"column":25},"end":{"line":21,"column":63}}]},"2":{"type":"branch","line":21,"loc":{"start":{"line":21,"column":40},"end":{"line":21,"column":60}},"locations":[{"start":{"line":21,"column":40},"end":{"line":21,"column":60}}]}},"b":{"0":[6],"1":[3],"2":[3]},"fnMap":{"0":{"name":"App","decl":{"start":{"line":6,"column":0},"end":{"line":29,"column":1}},"loc":{"start":{"line":6,"column":0},"end":{"line":29,"column":1}},"line":6},"1":{"name":"onClick","decl":{"start":{"line":21,"column":25},"end":{"line":21,"column":63}},"loc":{"start":{"line":21,"column":25},"end":{"line":21,"column":63}},"line":21}},"f":{"0":6,"1":3}}
}
